build/app/intermediates/manifest_merge_blame_file/debug/manifest-merger-blame-debug-report.txt
1<?xml version="1.0" encoding="utf-8"?>
2<manifest xmlns:android="http://schemas.android.com/apk/res/android"
3    package="com.flyweb"
4    android:versionCode="1"
5    android:versionName="1.0.0" >
6
7    <uses-sdk
8        android:minSdkVersion="19"
9        android:targetSdkVersion="30" />
10    <!--
11         Flutter needs it to communicate with the running application
12         to allow setting breakpoints, to provide hot reload, etc.
13    -->
14    <uses-permission android:name="android.permission.INTERNET" />
14-->src\main\AndroidManifest.xml:8:5-67
14-->src\main\AndroidManifest.xml:8:22-64
15<!--     <uses-permission android:name="android.permission.QUERY_ALL_PACKAGES"/> -->
16    <uses-permission android:name="com.google.android.c2dm.permission.RECEIVE" />
16-->src\main\AndroidManifest.xml:7:5-81
16-->src\main\AndroidManifest.xml:7:22-79
17    <uses-permission android:name="android.permission.ACCESS_WIFI_STATE" />
17-->src\main\AndroidManifest.xml:9:5-76
17-->src\main\AndroidManifest.xml:9:22-73
18    <uses-permission android:name="android.permission.ACCESS_NETWORK_STATE" />
18-->src\main\AndroidManifest.xml:10:5-79
18-->src\main\AndroidManifest.xml:10:22-76
19    <uses-permission android:name="android.permission.WRITE_EXTERNAL_STORAGE" />
19-->src\main\AndroidManifest.xml:11:5-80
19-->src\main\AndroidManifest.xml:11:22-78
20    <uses-permission android:name="android.permission.READ_EXTERNAL_STORAGE" />
20-->src\main\AndroidManifest.xml:12:5-80
20-->src\main\AndroidManifest.xml:12:22-77
21    <uses-permission android:name="android.permission.ACCESS_FINE_LOCATION" />
21-->src\main\AndroidManifest.xml:13:5-79
21-->src\main\AndroidManifest.xml:13:22-76
22    <uses-permission android:name="android.permission.ACCESS_COARSE_LOCATION" />
22-->src\main\AndroidManifest.xml:14:5-81
22-->src\main\AndroidManifest.xml:14:22-78
23    <uses-permission android:name="android.permission.ACCESS_BACKGROUND_LOCATION" />
23-->src\main\AndroidManifest.xml:15:5-85
23-->src\main\AndroidManifest.xml:15:22-82
24    <uses-permission android:name="android.permission.CAMERA" />
24-->src\main\AndroidManifest.xml:16:5-65
24-->src\main\AndroidManifest.xml:16:22-62
25    <uses-permission android:name="android.permission.RECORD_AUDIO" />
25-->src\main\AndroidManifest.xml:17:5-71
25-->src\main\AndroidManifest.xml:17:22-68
26    <uses-permission android:name="android.permission.MODIFY_AUDIO_SETTINGS" />
26-->src\main\AndroidManifest.xml:18:5-80
26-->src\main\AndroidManifest.xml:18:22-77
27    <uses-permission android:name="android.permission.VIDEO_CAPTURE" />
27-->src\main\AndroidManifest.xml:19:5-72
27-->src\main\AndroidManifest.xml:19:22-69
28    <uses-permission android:name="android.permission.AUDIO_CAPTURE" />
28-->src\main\AndroidManifest.xml:20:5-72
28-->src\main\AndroidManifest.xml:20:22-69
29    <uses-permission android:name="android.permission.REQUEST_INSTALL_PACKAGES" />
29-->src\main\AndroidManifest.xml:21:5-83
29-->src\main\AndroidManifest.xml:21:22-80
30    <uses-permission android:name="android.permission.CAMERA" />
30-->src\main\AndroidManifest.xml:16:5-65
30-->src\main\AndroidManifest.xml:16:22-62
31    <uses-permission android:name="android.permission.WAKE_LOCK" />
31-->[:firebase_messaging] AndroidManifest.xml:8:5-68
31-->[:firebase_messaging] AndroidManifest.xml:8:22-65
32
33    <uses-feature android:name="android.hardware.camera" />
33-->[:flutter_barcode_scanner] AndroidManifest.xml:11:5-60
33-->[:flutter_barcode_scanner] AndroidManifest.xml:11:19-57
34
35    <uses-permission android:name="android.permission.FLASHLIGHT" />
35-->[:flutter_barcode_scanner] AndroidManifest.xml:13:5-69
35-->[:flutter_barcode_scanner] AndroidManifest.xml:13:22-66
36
37    <queries>
37-->[:flutter_inappwebview] AndroidManifest.xml:7:5-11:15
38        <intent>
38-->[:flutter_inappwebview] AndroidManifest.xml:8:9-10:18
39            <action android:name="android.support.customtabs.action.CustomTabsService" />
39-->[:flutter_inappwebview] AndroidManifest.xml:9:13-90
39-->[:flutter_inappwebview] AndroidManifest.xml:9:21-87
40        </intent>
41        <!-- For browser content -->
42        <intent>
42-->[com.google.android.gms:play-services-ads-lite:19.7.0] AndroidManifest.xml:30:9-36:18
43            <action android:name="android.intent.action.VIEW" />
43-->src\main\AndroidManifest.xml:60:12-64
43-->src\main\AndroidManifest.xml:60:20-61
44
45            <category android:name="android.intent.category.BROWSABLE" />
45-->src\main\AndroidManifest.xml:62:12-73
45-->src\main\AndroidManifest.xml:62:22-70
46
47            <data android:scheme="https" />
47-->src\main\AndroidManifest.xml:63:12-55
47-->src\main\AndroidManifest.xml:63:18-52
48        </intent>
49    </queries> <!-- Create a unique permission for your app and use it so only your app can receive your OneSignal messages. -->
50    <permission
50-->[com.onesignal:OneSignal:3.15.7] AndroidManifest.xml:7:5-9:47
51        android:name="com.flyweb.permission.C2D_MESSAGE"
51-->[com.onesignal:OneSignal:3.15.7] AndroidManifest.xml:8:9-63
52        android:protectionLevel="signature" />
52-->[com.onesignal:OneSignal:3.15.7] AndroidManifest.xml:9:9-44
53
54    <uses-permission android:name="com.flyweb.permission.C2D_MESSAGE" />
54-->[com.onesignal:OneSignal:3.15.7] AndroidManifest.xml:11:5-79
54-->[com.onesignal:OneSignal:3.15.7] AndroidManifest.xml:11:22-76
55    <!--
56 Required so the device vibrates on receiving a push notification.
57         Vibration settings of the device still apply.
58    -->
59    <uses-permission android:name="android.permission.VIBRATE" />
59-->[com.onesignal:OneSignal:3.15.7] AndroidManifest.xml:23:5-66
59-->[com.onesignal:OneSignal:3.15.7] AndroidManifest.xml:23:22-63
60    <!--
61 Use to restore notifications the user hasn't interacted with.
62         They could be missed notifications if the user reboots their device if this isn't in place.
63    -->
64    <uses-permission android:name="android.permission.RECEIVE_BOOT_COMPLETED" /> <!-- START: ShortcutBadger -->
64-->[com.onesignal:OneSignal:3.15.7] AndroidManifest.xml:29:5-81
64-->[com.onesignal:OneSignal:3.15.7] AndroidManifest.xml:29:22-78
65    <!-- Samsung -->
66    <uses-permission android:name="com.sec.android.provider.badge.permission.READ" />
66-->[com.onesignal:OneSignal:3.15.7] AndroidManifest.xml:31:5-86
66-->[com.onesignal:OneSignal:3.15.7] AndroidManifest.xml:31:22-83
67    <uses-permission android:name="com.sec.android.provider.badge.permission.WRITE" /> <!-- HTC -->
67-->[com.onesignal:OneSignal:3.15.7] AndroidManifest.xml:32:5-87
67-->[com.onesignal:OneSignal:3.15.7] AndroidManifest.xml:32:22-84
68    <uses-permission android:name="com.htc.launcher.permission.READ_SETTINGS" />
68-->[com.onesignal:OneSignal:3.15.7] AndroidManifest.xml:33:5-81
68-->[com.onesignal:OneSignal:3.15.7] AndroidManifest.xml:33:22-78
69    <uses-permission android:name="com.htc.launcher.permission.UPDATE_SHORTCUT" /> <!-- Sony -->
69-->[com.onesignal:OneSignal:3.15.7] AndroidManifest.xml:34:5-83
69-->[com.onesignal:OneSignal:3.15.7] AndroidManifest.xml:34:22-80
70    <uses-permission android:name="com.sonyericsson.home.permission.BROADCAST_BADGE" />
70-->[com.onesignal:OneSignal:3.15.7] AndroidManifest.xml:35:5-88
70-->[com.onesignal:OneSignal:3.15.7] AndroidManifest.xml:35:22-85
71    <uses-permission android:name="com.sonymobile.home.permission.PROVIDER_INSERT_BADGE" /> <!-- Apex -->
71-->[com.onesignal:OneSignal:3.15.7] AndroidManifest.xml:36:5-92
71-->[com.onesignal:OneSignal:3.15.7] AndroidManifest.xml:36:22-89
72    <uses-permission android:name="com.anddoes.launcher.permission.UPDATE_COUNT" /> <!-- Solid -->
72-->[com.onesignal:OneSignal:3.15.7] AndroidManifest.xml:37:5-84
72-->[com.onesignal:OneSignal:3.15.7] AndroidManifest.xml:37:22-81
73    <uses-permission android:name="com.majeur.launcher.permission.UPDATE_BADGE" /> <!-- Huawei -->
73-->[com.onesignal:OneSignal:3.15.7] AndroidManifest.xml:38:5-83
73-->[com.onesignal:OneSignal:3.15.7] AndroidManifest.xml:38:22-80
74    <uses-permission android:name="com.huawei.android.launcher.permission.CHANGE_BADGE" />
74-->[com.onesignal:OneSignal:3.15.7] AndroidManifest.xml:39:5-91
74-->[com.onesignal:OneSignal:3.15.7] AndroidManifest.xml:39:22-88
75    <uses-permission android:name="com.huawei.android.launcher.permission.READ_SETTINGS" />
75-->[com.onesignal:OneSignal:3.15.7] AndroidManifest.xml:40:5-92
75-->[com.onesignal:OneSignal:3.15.7] AndroidManifest.xml:40:22-89
76    <uses-permission android:name="com.huawei.android.launcher.permission.WRITE_SETTINGS" /> <!-- ZUK -->
76-->[com.onesignal:OneSignal:3.15.7] AndroidManifest.xml:41:5-93
76-->[com.onesignal:OneSignal:3.15.7] AndroidManifest.xml:41:22-90
77    <uses-permission android:name="android.permission.READ_APP_BADGE" /> <!-- OPPO -->
77-->[com.onesignal:OneSignal:3.15.7] AndroidManifest.xml:42:5-73
77-->[com.onesignal:OneSignal:3.15.7] AndroidManifest.xml:42:22-70
78    <uses-permission android:name="com.oppo.launcher.permission.READ_SETTINGS" />
78-->[com.onesignal:OneSignal:3.15.7] AndroidManifest.xml:43:5-82
78-->[com.onesignal:OneSignal:3.15.7] AndroidManifest.xml:43:22-79
79    <uses-permission android:name="com.oppo.launcher.permission.WRITE_SETTINGS" /> <!-- EvMe -->
79-->[com.onesignal:OneSignal:3.15.7] AndroidManifest.xml:44:5-83
79-->[com.onesignal:OneSignal:3.15.7] AndroidManifest.xml:44:22-80
80    <uses-permission android:name="me.everything.badger.permission.BADGE_COUNT_READ" />
80-->[com.onesignal:OneSignal:3.15.7] AndroidManifest.xml:45:5-88
80-->[com.onesignal:OneSignal:3.15.7] AndroidManifest.xml:45:22-85
81    <uses-permission android:name="me.everything.badger.permission.BADGE_COUNT_WRITE" />
81-->[com.onesignal:OneSignal:3.15.7] AndroidManifest.xml:46:5-89
81-->[com.onesignal:OneSignal:3.15.7] AndroidManifest.xml:46:22-86
82
83    <application
83-->src\main\AndroidManifest.xml:24:5-77:19
84        android:name="androidx.multidex.MultiDexApplication"
85        android:appComponentFactory="androidx.core.app.CoreComponentFactory"
85-->[androidx.core:core:1.7.0] AndroidManifest.xml:24:18-86
86        android:debuggable="true"
87        android:icon="@mipmap/ic_launcher"
87-->src\main\AndroidManifest.xml:26:9-43
88        android:label="@string/app_name"
88-->src\main\AndroidManifest.xml:25:9-41
89        android:largeHeap="true"
89-->[:flutter_barcode_scanner] AndroidManifest.xml:16:9-33
90        android:theme="@style/Theme.AppCompat.NoActionBar"
90-->[:flutter_barcode_scanner] AndroidManifest.xml:17:9-59
91        android:usesCleartextTraffic="true" >
91-->src\main\AndroidManifest.xml:27:9-44
92        <activity
92-->src\main\AndroidManifest.xml:28:9-66:15
93            android:name="com.flyweb.MainActivity"
93-->src\main\AndroidManifest.xml:29:13-41
94            android:configChanges="orientation|keyboardHidden|keyboard|screenSize|smallestScreenSize|locale|layoutDirection|fontScale|screenLayout|density|uiMode"
94-->src\main\AndroidManifest.xml:32:13-163
95            android:hardwareAccelerated="true"
95-->src\main\AndroidManifest.xml:33:13-47
96            android:launchMode="singleTop"
96-->src\main\AndroidManifest.xml:30:13-43
97            android:theme="@style/LaunchTheme"
97-->src\main\AndroidManifest.xml:31:13-47
98            android:windowSoftInputMode="adjustResize" >
98-->src\main\AndroidManifest.xml:34:13-55
99
100            <!--
101                 Specifies an Android theme to apply to this Activity as soon as
102                 the Android process has started. This theme is visible to the user
103                 while the Flutter UI initializes. After that, this theme continues
104                 to determine the Window background behind the Flutter UI.
105            -->
106            <meta-data
106-->src\main\AndroidManifest.xml:39:13-42:17
107                android:name="io.flutter.embedding.android.NormalTheme"
107-->src\main\AndroidManifest.xml:40:15-70
108                android:resource="@style/NormalTheme" />
108-->src\main\AndroidManifest.xml:41:15-52
109            <!--
110                 Displays an Android View that continues showing the launch screen
111                 Drawable until Flutter paints its first frame, then this splash
112                 screen fades out. A splash screen is useful to avoid any visual
113                 gap between the end of Android's launch screen and the painting of
114                 Flutter's first frame.
115            -->
116            <meta-data
116-->src\main\AndroidManifest.xml:48:13-51:17
117                android:name="io.flutter.embedding.android.SplashScreenDrawable"
117-->src\main\AndroidManifest.xml:49:15-79
118                android:resource="@drawable/launch_background" />
118-->src\main\AndroidManifest.xml:50:15-61
119
120            <intent-filter>
120-->src\main\AndroidManifest.xml:52:13-55:29
121                <action android:name="android.intent.action.MAIN" />
121-->src\main\AndroidManifest.xml:53:17-68
121-->src\main\AndroidManifest.xml:53:25-66
122
123                <category android:name="android.intent.category.LAUNCHER" />
123-->src\main\AndroidManifest.xml:54:17-76
123-->src\main\AndroidManifest.xml:54:27-74
124            </intent-filter>
125
126            <!-- Deeplink -->
127            <meta-data
127-->src\main\AndroidManifest.xml:58:8-85
128                android:name="flutter_deeplinking_enabled"
128-->src\main\AndroidManifest.xml:58:19-61
129                android:value="true" />
129-->src\main\AndroidManifest.xml:58:62-82
130
131            <intent-filter android:autoVerify="true" >
131-->src\main\AndroidManifest.xml:59:8-64:24
131-->src\main\AndroidManifest.xml:59:23-48
132                <action android:name="android.intent.action.VIEW" />
132-->src\main\AndroidManifest.xml:60:12-64
132-->src\main\AndroidManifest.xml:60:20-61
133
134                <category android:name="android.intent.category.DEFAULT" />
134-->src\main\AndroidManifest.xml:61:12-71
134-->src\main\AndroidManifest.xml:61:22-68
135                <category android:name="android.intent.category.BROWSABLE" />
135-->src\main\AndroidManifest.xml:62:12-73
135-->src\main\AndroidManifest.xml:62:22-70
136
137                <data android:scheme="app.flyweb.scheme" />
137-->src\main\AndroidManifest.xml:63:12-55
137-->src\main\AndroidManifest.xml:63:18-52
138            </intent-filter>
139        </activity>
140        <!--
141        Don't delete the meta-data below.
142        This is used by the Flutter tool to generate GeneratedPluginRegistrant.java
143        -->
144        <meta-data
144-->src\main\AndroidManifest.xml:69:9-71:33
145            android:name="flutterEmbedding"
145-->src\main\AndroidManifest.xml:70:13-44
146            android:value="2" />
146-->src\main\AndroidManifest.xml:71:13-30
147        <meta-data
147-->src\main\AndroidManifest.xml:73:9-75:69
148            android:name="com.google.android.gms.ads.APPLICATION_ID"
148-->src\main\AndroidManifest.xml:74:13-69
149            android:value="ca-app-pub-7432665165146018~2664444130" />
149-->src\main\AndroidManifest.xml:75:13-67
150
151        <service
151-->[:firebase_messaging] AndroidManifest.xml:12:9-15:72
152            android:name="io.flutter.plugins.firebase.messaging.FlutterFirebaseMessagingBackgroundService"
152-->[:firebase_messaging] AndroidManifest.xml:13:13-107
153            android:exported="false"
153-->[:firebase_messaging] AndroidManifest.xml:14:13-37
154            android:permission="android.permission.BIND_JOB_SERVICE" />
154-->[:firebase_messaging] AndroidManifest.xml:15:13-69
155        <service
155-->[:firebase_messaging] AndroidManifest.xml:16:9-22:19
156            android:name="io.flutter.plugins.firebase.messaging.FlutterFirebaseMessagingService"
156-->[:firebase_messaging] AndroidManifest.xml:17:13-97
157            android:exported="false" >
157-->[:firebase_messaging] AndroidManifest.xml:18:13-37
158            <intent-filter>
158-->[:firebase_messaging] AndroidManifest.xml:19:13-21:29
159                <action android:name="com.google.firebase.MESSAGING_EVENT" />
159-->[:firebase_messaging] AndroidManifest.xml:20:17-78
159-->[:firebase_messaging] AndroidManifest.xml:20:25-75
160            </intent-filter>
161        </service>
162
163        <receiver
163-->[:firebase_messaging] AndroidManifest.xml:24:9-31:20
164            android:name="io.flutter.plugins.firebase.messaging.FlutterFirebaseMessagingReceiver"
164-->[:firebase_messaging] AndroidManifest.xml:25:13-98
165            android:exported="true"
165-->[:firebase_messaging] AndroidManifest.xml:26:13-36
166            android:permission="com.google.android.c2dm.permission.SEND" >
166-->[:firebase_messaging] AndroidManifest.xml:27:13-73
167            <intent-filter>
167-->[:firebase_messaging] AndroidManifest.xml:28:13-30:29
168                <action android:name="com.google.android.c2dm.intent.RECEIVE" />
168-->[:firebase_messaging] AndroidManifest.xml:29:17-81
168-->[:firebase_messaging] AndroidManifest.xml:29:25-78
169            </intent-filter>
170        </receiver>
171
172        <service
172-->[:firebase_messaging] AndroidManifest.xml:33:9-37:19
173            android:name="com.google.firebase.components.ComponentDiscoveryService"
173-->[:firebase_messaging] AndroidManifest.xml:33:18-89
174            android:directBootAware="true"
174-->[com.google.firebase:firebase-common:19.5.0] AndroidManifest.xml:35:13-43
175            android:exported="false" >
175-->[com.google.firebase:firebase-messaging:21.0.1] AndroidManifest.xml:38:13-37
176            <meta-data
176-->[:firebase_messaging] AndroidManifest.xml:34:13-36:85
177                android:name="com.google.firebase.components:io.flutter.plugins.firebase.messaging.FlutterFirebaseAppRegistrar"
177-->[:firebase_messaging] AndroidManifest.xml:35:17-128
178                android:value="com.google.firebase.components.ComponentRegistrar" />
178-->[:firebase_messaging] AndroidManifest.xml:36:17-82
179            <meta-data
179-->[:firebase_core] AndroidManifest.xml:9:13-11:85
180                android:name="com.google.firebase.components:io.flutter.plugins.firebase.core.FlutterFirebaseCoreRegistrar"
180-->[:firebase_core] AndroidManifest.xml:10:17-124
181                android:value="com.google.firebase.components.ComponentRegistrar" />
181-->[:firebase_core] AndroidManifest.xml:11:17-82
182            <meta-data
182-->[com.google.firebase:firebase-messaging:21.0.1] AndroidManifest.xml:39:13-41:85
183                android:name="com.google.firebase.components:com.google.firebase.messaging.FirebaseMessagingRegistrar"
183-->[com.google.firebase:firebase-messaging:21.0.1] AndroidManifest.xml:40:17-119
184                android:value="com.google.firebase.components.ComponentRegistrar" />
184-->[com.google.firebase:firebase-messaging:21.0.1] AndroidManifest.xml:41:17-82
185            <meta-data
185-->[com.google.firebase:firebase-datatransport:17.0.10] AndroidManifest.xml:28:13-30:85
186                android:name="com.google.firebase.components:com.google.firebase.datatransport.TransportRegistrar"
186-->[com.google.firebase:firebase-datatransport:17.0.10] AndroidManifest.xml:29:17-115
187                android:value="com.google.firebase.components.ComponentRegistrar" />
187-->[com.google.firebase:firebase-datatransport:17.0.10] AndroidManifest.xml:30:17-82
188            <meta-data
188-->[com.google.firebase:firebase-iid:21.0.1] AndroidManifest.xml:32:13-34:85
189                android:name="com.google.firebase.components:com.google.firebase.iid.Registrar"
189-->[com.google.firebase:firebase-iid:21.0.1] AndroidManifest.xml:33:17-96
190                android:value="com.google.firebase.components.ComponentRegistrar" />
190-->[com.google.firebase:firebase-iid:21.0.1] AndroidManifest.xml:34:17-82
191            <meta-data
191-->[com.google.firebase:firebase-installations:16.3.5] AndroidManifest.xml:18:13-20:85
192                android:name="com.google.firebase.components:com.google.firebase.installations.FirebaseInstallationsRegistrar"
192-->[com.google.firebase:firebase-installations:16.3.5] AndroidManifest.xml:19:17-127
193                android:value="com.google.firebase.components.ComponentRegistrar" />
193-->[com.google.firebase:firebase-installations:16.3.5] AndroidManifest.xml:20:17-82
194            <!--
195                This registrar is not defined in the dynamic-module-support sdk itself to allow non-firebase
196                clients to use it as well, by defining this registrar in their own core/common library.
197            -->
198            <meta-data
198-->[com.google.firebase:firebase-common:19.5.0] AndroidManifest.xml:43:13-45:85
199                android:name="com.google.firebase.components:com.google.firebase.dynamicloading.DynamicLoadingRegistrar"
199-->[com.google.firebase:firebase-common:19.5.0] AndroidManifest.xml:44:17-121
200                android:value="com.google.firebase.components.ComponentRegistrar" />
200-->[com.google.firebase:firebase-common:19.5.0] AndroidManifest.xml:45:17-82
201        </service>
202
203        <provider
203-->[:firebase_messaging] AndroidManifest.xml:39:9-43:38
204            android:name="io.flutter.plugins.firebase.messaging.FlutterFirebaseMessagingInitProvider"
204-->[:firebase_messaging] AndroidManifest.xml:40:13-102
205            android:authorities="com.flyweb.flutterfirebasemessaginginitprovider"
205-->[:firebase_messaging] AndroidManifest.xml:41:13-88
206            android:exported="false"
206-->[:firebase_messaging] AndroidManifest.xml:42:13-37
207            android:initOrder="99" />
207-->[:firebase_messaging] AndroidManifest.xml:43:13-35
208
209        <activity android:name="com.amolg.flutterbarcodescanner.BarcodeCaptureActivity" />
209-->[:flutter_barcode_scanner] AndroidManifest.xml:18:9-91
209-->[:flutter_barcode_scanner] AndroidManifest.xml:18:19-88
210        <activity
210-->[:url_launcher_android] AndroidManifest.xml:8:9-11:74
211            android:name="io.flutter.plugins.urllauncher.WebViewActivity"
211-->[:url_launcher_android] AndroidManifest.xml:9:13-74
212            android:exported="false"
212-->[:url_launcher_android] AndroidManifest.xml:10:13-37
213            android:theme="@android:style/Theme.NoTitleBar.Fullscreen" />
213-->[:url_launcher_android] AndroidManifest.xml:11:13-71
214        <activity
214-->[:flutter_inappwebview] AndroidManifest.xml:14:9-18:47
215            android:name="com.pichillilorenzo.flutter_inappwebview.in_app_browser.InAppBrowserActivity"
215-->[:flutter_inappwebview] AndroidManifest.xml:15:13-104
216            android:configChanges="orientation|keyboardHidden|keyboard|screenSize|locale|layoutDirection|fontScale|screenLayout|density"
216-->[:flutter_inappwebview] AndroidManifest.xml:16:13-137
217            android:exported="true"
217-->[:flutter_inappwebview] AndroidManifest.xml:17:13-36
218            android:theme="@style/AppTheme" />
218-->[:flutter_inappwebview] AndroidManifest.xml:18:13-44
219        <activity
219-->[:flutter_inappwebview] AndroidManifest.xml:19:9-22:55
220            android:name="com.pichillilorenzo.flutter_inappwebview.chrome_custom_tabs.ChromeCustomTabsActivity"
220-->[:flutter_inappwebview] AndroidManifest.xml:20:13-112
221            android:exported="true"
221-->[:flutter_inappwebview] AndroidManifest.xml:21:13-36
222            android:theme="@style/ThemeTransparent" />
222-->[:flutter_inappwebview] AndroidManifest.xml:22:13-52
223        <activity
223-->[:flutter_inappwebview] AndroidManifest.xml:23:9-26:55
224            android:name="com.pichillilorenzo.flutter_inappwebview.chrome_custom_tabs.TrustedWebActivity"
224-->[:flutter_inappwebview] AndroidManifest.xml:24:13-106
225            android:exported="true"
225-->[:flutter_inappwebview] AndroidManifest.xml:25:13-36
226            android:theme="@style/ThemeTransparent" />
226-->[:flutter_inappwebview] AndroidManifest.xml:26:13-52
227        <activity
227-->[:flutter_inappwebview] AndroidManifest.xml:27:9-31:55
228            android:name="com.pichillilorenzo.flutter_inappwebview.chrome_custom_tabs.ChromeCustomTabsActivitySingleInstance"
228-->[:flutter_inappwebview] AndroidManifest.xml:28:13-126
229            android:exported="true"
229-->[:flutter_inappwebview] AndroidManifest.xml:29:13-36
230            android:launchMode="singleInstance"
230-->[:flutter_inappwebview] AndroidManifest.xml:30:13-48
231            android:theme="@style/ThemeTransparent" />
231-->[:flutter_inappwebview] AndroidManifest.xml:31:13-52
232        <activity
232-->[:flutter_inappwebview] AndroidManifest.xml:32:9-36:55
233            android:name="com.pichillilorenzo.flutter_inappwebview.chrome_custom_tabs.TrustedWebActivitySingleInstance"
233-->[:flutter_inappwebview] AndroidManifest.xml:33:13-120
234            android:exported="true"
234-->[:flutter_inappwebview] AndroidManifest.xml:34:13-36
235            android:launchMode="singleInstance"
235-->[:flutter_inappwebview] AndroidManifest.xml:35:13-48
236            android:theme="@style/ThemeTransparent" />
236-->[:flutter_inappwebview] AndroidManifest.xml:36:13-52
237
238        <receiver
238-->[:flutter_inappwebview] AndroidManifest.xml:38:9-41:40
239            android:name="com.pichillilorenzo.flutter_inappwebview.chrome_custom_tabs.ActionBroadcastReceiver"
239-->[:flutter_inappwebview] AndroidManifest.xml:39:13-111
240            android:enabled="true"
240-->[:flutter_inappwebview] AndroidManifest.xml:40:13-35
241            android:exported="false" />
241-->[:flutter_inappwebview] AndroidManifest.xml:41:13-37
242
243        <meta-data
243-->[:flutter_inappwebview] AndroidManifest.xml:43:9-45:36
244            android:name="io.flutter.embedded_views_preview"
244-->[:flutter_inappwebview] AndroidManifest.xml:44:13-61
245            android:value="true" />
245-->[:flutter_inappwebview] AndroidManifest.xml:45:13-33
246
247        <provider
247-->[:share] AndroidManifest.xml:8:9-16:20
248            android:name="io.flutter.plugins.share.ShareFileProvider"
248-->[:share] AndroidManifest.xml:9:13-70
249            android:authorities="com.flyweb.flutter.share_provider"
249-->[:share] AndroidManifest.xml:10:13-74
250            android:exported="false"
250-->[:share] AndroidManifest.xml:11:13-37
251            android:grantUriPermissions="true" >
251-->[:share] AndroidManifest.xml:12:13-47
252            <meta-data
252-->[:share] AndroidManifest.xml:13:13-15:68
253                android:name="android.support.FILE_PROVIDER_PATHS"
253-->[:share] AndroidManifest.xml:14:17-67
254                android:resource="@xml/flutter_share_file_paths" />
254-->[:share] AndroidManifest.xml:15:17-65
255        </provider>
256
257        <uses-library
257-->[androidx.window:window:1.0.0-beta04] AndroidManifest.xml:25:9-27:40
258            android:name="androidx.window.extensions"
258-->[androidx.window:window:1.0.0-beta04] AndroidManifest.xml:26:13-54
259            android:required="false" />
259-->[androidx.window:window:1.0.0-beta04] AndroidManifest.xml:27:13-37
260        <uses-library
260-->[androidx.window:window:1.0.0-beta04] AndroidManifest.xml:28:9-30:40
261            android:name="androidx.window.sidecar"
261-->[androidx.window:window:1.0.0-beta04] AndroidManifest.xml:29:13-51
262            android:required="false" />
262-->[androidx.window:window:1.0.0-beta04] AndroidManifest.xml:30:13-37
263
264        <meta-data
264-->[com.onesignal:OneSignal:3.15.7] AndroidManifest.xml:49:9-51:51
265            android:name="onesignal_app_id"
265-->[com.onesignal:OneSignal:3.15.7] AndroidManifest.xml:50:13-44
266            android:value="xxxxxxxx-xxxx-xxxx-xxxx-xxxxxxxxxxxx" /> <!-- Deprecated - Pulled from OneSignal dashboard. -->
266-->[com.onesignal:OneSignal:3.15.7] AndroidManifest.xml:51:13-48
267        <meta-data
267-->[com.onesignal:OneSignal:3.15.7] AndroidManifest.xml:53:9-55:70
268            android:name="onesignal_google_project_number"
268-->[com.onesignal:OneSignal:3.15.7] AndroidManifest.xml:54:13-59
269            android:value="str:xxxxxxxxxxxx" />
269-->[com.onesignal:OneSignal:3.15.7] AndroidManifest.xml:55:13-67
270
271        <receiver
271-->[com.onesignal:OneSignal:3.15.7] AndroidManifest.xml:57:9-67:20
272            android:name="com.onesignal.GcmBroadcastReceiver"
272-->[com.onesignal:OneSignal:3.15.7] AndroidManifest.xml:58:13-62
273            android:permission="com.google.android.c2dm.permission.SEND" >
273-->[com.onesignal:OneSignal:3.15.7] AndroidManifest.xml:59:13-73
274
275            <!-- High priority so OneSignal payloads can be filtered from other GCM receivers if filterOtherGCMReceivers is enabled. -->
276            <intent-filter android:priority="999" >
276-->[com.onesignal:OneSignal:3.15.7] AndroidManifest.xml:62:13-66:29
276-->[com.onesignal:OneSignal:3.15.7] AndroidManifest.xml:62:28-50
277                <action android:name="com.google.android.c2dm.intent.RECEIVE" />
277-->[:firebase_messaging] AndroidManifest.xml:29:17-81
277-->[:firebase_messaging] AndroidManifest.xml:29:25-78
278
279                <category android:name="com.flyweb" />
279-->[com.onesignal:OneSignal:3.15.7] AndroidManifest.xml:65:17-61
279-->[com.onesignal:OneSignal:3.15.7] AndroidManifest.xml:65:27-58
280            </intent-filter>
281        </receiver>
282        <receiver android:name="com.onesignal.NotificationOpenedReceiver" />
282-->[com.onesignal:OneSignal:3.15.7] AndroidManifest.xml:68:9-77
282-->[com.onesignal:OneSignal:3.15.7] AndroidManifest.xml:68:19-74
283
284        <service
284-->[com.onesignal:OneSignal:3.15.7] AndroidManifest.xml:70:9-76:19
285            android:name="com.onesignal.HmsMessageServiceOneSignal"
285-->[com.onesignal:OneSignal:3.15.7] AndroidManifest.xml:71:13-68
286            android:exported="false" >
286-->[com.onesignal:OneSignal:3.15.7] AndroidManifest.xml:72:13-37
287            <intent-filter>
287-->[com.onesignal:OneSignal:3.15.7] AndroidManifest.xml:73:13-75:29